<?xml version="1.0" encoding="UTF-8"?>
<testng-results ignored="0" total="2" passed="2" failed="0" skipped="0">
  <reporter-output>
  </reporter-output>
  <suite started-at="2024-05-12T08:16:32 IST" name="Suite" finished-at="2024-05-12T08:16:56 IST" duration-ms="23964">
    <groups>
      <group name="Purchase">
        <method signature="Standalonetest.submitorder(java.util.HashMap)[pri:0, instance:DibyanshVerma.FrameworkECommerce.Standalonetest@10289886]" name="submitorder" class="DibyanshVerma.FrameworkECommerce.Standalonetest"/>
      </group> <!-- Purchase -->
    </groups>
    <test started-at="2024-05-12T08:16:32 IST" name="Test" finished-at="2024-05-12T08:16:56 IST" duration-ms="23964">
      <class name="DibyanshVerma.FrameworkECommerce.Standalonetest">
        <test-method signature="submitorder(java.util.HashMap)[pri:0, instance:DibyanshVerma.FrameworkECommerce.Standalonetest@10289886]" started-at="2024-05-12T08:16:33 IST" name="submitorder" data-provider="getData" finished-at="2024-05-12T08:16:45 IST" duration-ms="12384" status="PASS">
          <params>
            <param index="0">
              <value>
                <![CDATA[{password=Test@1234, email=postmanLupin@gmail.com, productName=ZARA COAT 3}]]>
              </value>
            </param>
          </params>
          <reporter-output>
          </reporter-output>
        </test-method> <!-- submitorder -->
        <test-method signature="submitorder(java.util.HashMap)[pri:0, instance:DibyanshVerma.FrameworkECommerce.Standalonetest@10289886]" started-at="2024-05-12T08:16:45 IST" name="submitorder" data-provider="getData" finished-at="2024-05-12T08:16:56 IST" duration-ms="11354" status="PASS">
          <params>
            <param index="0">
              <value>
                <![CDATA[{password=Test@1234, email=Ishu.verma@gmail.com, productName=ADIDAS ORIGINAL}]]>
              </value>
            </param>
          </params>
          <reporter-output>
          </reporter-output>
        </test-method> <!-- submitorder -->
      </class> <!-- DibyanshVerma.FrameworkECommerce.Standalonetest -->
    </test> <!-- Test -->
  </suite> <!-- Suite -->
</testng-results>
